0 info it worked if it ends with ok
1 verbose cli [ '/usr/local/bin/node', '/usr/local/bin/npm', 'run', 'test' ]
2 info using npm@4.0.5
3 info using node@v7.4.0
4 verbose run-script [ 'pretest', 'test', 'posttest' ]
5 info lifecycle vexui@1.0.0~pretest: vexui@1.0.0
6 verbose lifecycle vexui@1.0.0~pretest: unsafe-perm in lifecycle true
7 verbose lifecycle vexui@1.0.0~pretest: PATH: /usr/local/lib/node_modules/npm/bin/node-gyp-bin:/Users/agora/Desktop/npmPackages/vexui/node_modules/.bin:/usr/local/bin:/usr/bin:/bin:/usr/sbin:/sbin
8 verbose lifecycle vexui@1.0.0~pretest: CWD: /Users/agora/Desktop/npmPackages/vexui
9 silly lifecycle vexui@1.0.0~pretest: Args: [ '-c', 'npm run build' ]
10 silly lifecycle vexui@1.0.0~pretest: Returned: code: 0  signal: null
11 info lifecycle vexui@1.0.0~test: vexui@1.0.0
12 verbose lifecycle vexui@1.0.0~test: unsafe-perm in lifecycle true
13 verbose lifecycle vexui@1.0.0~test: PATH: /usr/local/lib/node_modules/npm/bin/node-gyp-bin:/Users/agora/Desktop/npmPackages/vexui/node_modules/.bin:/usr/local/bin:/usr/bin:/bin:/usr/sbin:/sbin
14 verbose lifecycle vexui@1.0.0~test: CWD: /Users/agora/Desktop/npmPackages/vexui
15 silly lifecycle vexui@1.0.0~test: Args: [ '-c', 'babel-node tests/index.js' ]
16 silly lifecycle vexui@1.0.0~test: Returned: code: 1  signal: null
17 info lifecycle vexui@1.0.0~test: Failed to exec test script
18 verbose stack Error: vexui@1.0.0 test: `babel-node tests/index.js`
18 verbose stack Exit status 1
18 verbose stack     at EventEmitter.<anonymous> (/usr/local/lib/node_modules/npm/lib/utils/lifecycle.js:279:16)
18 verbose stack     at emitTwo (events.js:106:13)
18 verbose stack     at EventEmitter.emit (events.js:191:7)
18 verbose stack     at ChildProcess.<anonymous> (/usr/local/lib/node_modules/npm/lib/utils/spawn.js:40:14)
18 verbose stack     at emitTwo (events.js:106:13)
18 verbose stack     at ChildProcess.emit (events.js:191:7)
18 verbose stack     at maybeClose (internal/child_process.js:885:16)
18 verbose stack     at Process.ChildProcess._handle.onexit (internal/child_process.js:226:5)
19 verbose pkgid vexui@1.0.0
20 verbose cwd /Users/agora/Desktop/npmPackages/vexui
21 error Darwin 16.3.0
22 error argv "/usr/local/bin/node" "/usr/local/bin/npm" "run" "test"
23 error node v7.4.0
24 error npm  v4.0.5
25 error code ELIFECYCLE
26 error vexui@1.0.0 test: `babel-node tests/index.js`
26 error Exit status 1
27 error Failed at the vexui@1.0.0 test script 'babel-node tests/index.js'.
27 error Make sure you have the latest version of node.js and npm installed.
27 error If you do, this is most likely a problem with the vexui package,
27 error not with npm itself.
27 error Tell the author that this fails on your system:
27 error     babel-node tests/index.js
27 error You can get information on how to open an issue for this project with:
27 error     npm bugs vexui
27 error Or if that isn't available, you can get their info via:
27 error     npm owner ls vexui
27 error There is likely additional logging output above.
28 verbose exit [ 1, true ]
